This file contains any messages produced by compilers while
running configure, to aid debugging if configure makes a mistake.

It was created by sumo configure 0.26.0, which was
generated by GNU Autoconf 2.69.  Invocation command line was

  $ ./configure 

## --------- ##
## Platform. ##
## --------- ##

hostname = phi.local
uname -m = x86_64
uname -r = 15.5.0
uname -s = Darwin
uname -v = Darwin Kernel Version 15.5.0: Tue Apr 19 18:36:36 PDT 2016; root:xnu-3248.50.21~8/RELEASE_X86_64

/usr/bin/uname -p = i386
/bin/uname -X     = unknown

/bin/arch              = unknown
/usr/bin/arch -k       = unknown
/usr/convex/getsysinfo = unknown
/usr/bin/hostinfo      = Mach kernel version:
	 Darwin Kernel Version 15.5.0: Tue Apr 19 18:36:36 PDT 2016; root:xnu-3248.50.21~8/RELEASE_X86_64
Kernel configured for up to 4 processors.
4 processors are physically available.
4 processors are logically available.
Processor type: i486 (Intel 80486)
Processors active: 0 1 2 3
Primary memory available: 4.00 gigabytes
Default processor set: 215 tasks, 943 threads, 4 processors
Load average: 1.16, Mach factor: 2.86
/bin/machine           = unknown
/usr/bin/oslevel       = unknown
/bin/universe          = unknown

PATH: /opt/local/bin
PATH: /opt/local/sbin
PATH: /usr/bin
PATH: /bin
PATH: /usr/sbin
PATH: /sbin
PATH: /usr/local/bin
PATH: /opt/X11/bin


## ----------- ##
## Core tests. ##
## ----------- ##

configure:2628: checking build system type
configure:2642: result: x86_64-apple-darwin15.5.0
configure:2662: checking host system type
configure:2675: result: x86_64-apple-darwin15.5.0
configure:2695: checking target system type
configure:2708: result: x86_64-apple-darwin15.5.0
configure:2755: checking for a BSD-compatible install
configure:2823: result: /opt/local/bin/ginstall -c
configure:2834: checking whether build environment is sane
configure:2889: result: yes
configure:3040: checking for a thread-safe mkdir -p
configure:3079: result: /opt/local/bin/gmkdir -p
configure:3086: checking for gawk
configure:3102: found /opt/local/bin/gawk
configure:3113: result: gawk
configure:3124: checking whether make sets $(MAKE)
configure:3146: result: yes
configure:3175: checking whether make supports nested variables
configure:3192: result: yes
configure:3281: checking whether UID '507' is supported by ustar format
configure:3284: result: yes
configure:3291: checking whether GID '20' is supported by ustar format
configure:3294: result: yes
configure:3302: checking how to create a ustar tar archive
configure:3313: tar --version
bsdtar 2.8.3 - libarchive 2.8.3
configure:3316: $? = 0
configure:3356: tardir=conftest.dir && eval tar --format=ustar -chf - "$tardir" >conftest.tar
configure:3359: $? = 0
configure:3363: tar -xf - <conftest.tar
configure:3366: $? = 0
configure:3368: cat conftest.dir/file
GrepMe
configure:3371: $? = 0
configure:3384: result: gnutar
configure:3479: checking for gcc
configure:3495: found /usr/bin/gcc
configure:3506: result: gcc
configure:3735: checking for C compiler version
configure:3744: gcc --version >&5
Apple LLVM version 7.3.0 (clang-703.0.31)
Target: x86_64-apple-darwin15.5.0
Thread model: posix
InstalledDir: /Applications/Xcode.app/Contents/Developer/Toolchains/XcodeDefault.xctoolchain/usr/bin
Configured with: --prefix=/Applications/Xcode.app/Contents/Developer/usr --with-gxx-include-dir=/usr/include/c++/4.2.1
configure:3755: $? = 0
configure:3744: gcc -v >&5
Configured with: --prefix=/Applications/Xcode.app/Contents/Developer/usr --with-gxx-include-dir=/usr/include/c++/4.2.1
Apple LLVM version 7.3.0 (clang-703.0.31)
Target: x86_64-apple-darwin15.5.0
Thread model: posix
InstalledDir: /Applications/Xcode.app/Contents/Developer/Toolchains/XcodeDefault.xctoolchain/usr/bin
configure:3755: $? = 0
configure:3744: gcc -V >&5
clang: error: argument to '-V' is missing (expected 1 value)
clang: error: no input files
configure:3755: $? = 1
configure:3744: gcc -qversion >&5
clang: error: unknown argument: '-qversion'
clang: error: no input files
configure:3755: $? = 1
configure:3775: checking whether the C compiler works
configure:3797: gcc    conftest.c  >&5
configure:3801: $? = 0
configure:3849: result: yes
configure:3852: checking for C compiler default output file name
configure:3854: result: a.out
configure:3860: checking for suffix of executables
configure:3867: gcc -o conftest    conftest.c  >&5
configure:3871: $? = 0
configure:3893: result: 
configure:3915: checking whether we are cross compiling
configure:3923: gcc -o conftest    conftest.c  >&5
configure:3927: $? = 0
configure:3934: ./conftest
configure:3938: $? = 0
configure:3953: result: no
configure:3958: checking for suffix of object files
configure:3980: gcc -c   conftest.c >&5
configure:3984: $? = 0
configure:4005: result: o
configure:4009: checking whether we are using the GNU C compiler
configure:4028: gcc -c   conftest.c >&5
configure:4028: $? = 0
configure:4037: result: yes
configure:4046: checking whether gcc accepts -g
configure:4066: gcc -c -g  conftest.c >&5
configure:4066: $? = 0
configure:4107: result: yes
configure:4124: checking for gcc option to accept ISO C89
configure:4187: gcc  -c -g -O2  conftest.c >&5
configure:4187: $? = 0
configure:4200: result: none needed
configure:4231: checking for style of include used by make
configure:4259: result: GNU
configure:4285: checking dependency style of gcc
configure:4396: result: gcc3
configure:4416: checking how to run the C preprocessor
configure:4447: gcc -E  conftest.c
configure:4447: $? = 0
configure:4461: gcc -E  conftest.c
conftest.c:11:10: fatal error: 'ac_nonexistent.h' file not found
#include <ac_nonexistent.h>
         ^
1 error generated.
configure:4461: $? = 1
configure: failed program was:
| /* confdefs.h */
| #define PACKAGE_NAME "sumo"
| #define PACKAGE_TARNAME "sumo"
| #define PACKAGE_VERSION "0.26.0"
| #define PACKAGE_STRING "sumo 0.26.0"
| #define PACKAGE_BUGREPORT ""
| #define PACKAGE_URL ""
| #define PACKAGE "sumo"
| #define VERSION "0.26.0"
| /* end confdefs.h.  */
| #include <ac_nonexistent.h>
configure:4486: result: gcc -E
configure:4506: gcc -E  conftest.c
configure:4506: $? = 0
configure:4520: gcc -E  conftest.c
conftest.c:11:10: fatal error: 'ac_nonexistent.h' file not found
#include <ac_nonexistent.h>
         ^
1 error generated.
configure:4520: $? = 1
configure: failed program was:
| /* confdefs.h */
| #define PACKAGE_NAME "sumo"
| #define PACKAGE_TARNAME "sumo"
| #define PACKAGE_VERSION "0.26.0"
| #define PACKAGE_STRING "sumo 0.26.0"
| #define PACKAGE_BUGREPORT ""
| #define PACKAGE_URL ""
| #define PACKAGE "sumo"
| #define VERSION "0.26.0"
| /* end confdefs.h.  */
| #include <ac_nonexistent.h>
configure:4606: checking for g++
configure:4622: found /usr/bin/g++
configure:4633: result: g++
configure:4660: checking for C++ compiler version
configure:4669: g++ --version >&5
Apple LLVM version 7.3.0 (clang-703.0.31)
Target: x86_64-apple-darwin15.5.0
Thread model: posix
InstalledDir: /Applications/Xcode.app/Contents/Developer/Toolchains/XcodeDefault.xctoolchain/usr/bin
Configured with: --prefix=/Applications/Xcode.app/Contents/Developer/usr --with-gxx-include-dir=/usr/include/c++/4.2.1
configure:4680: $? = 0
configure:4669: g++ -v >&5
Configured with: --prefix=/Applications/Xcode.app/Contents/Developer/usr --with-gxx-include-dir=/usr/include/c++/4.2.1
Apple LLVM version 7.3.0 (clang-703.0.31)
Target: x86_64-apple-darwin15.5.0
Thread model: posix
InstalledDir: /Applications/Xcode.app/Contents/Developer/Toolchains/XcodeDefault.xctoolchain/usr/bin
configure:4680: $? = 0
configure:4669: g++ -V >&5
clang: error: argument to '-V' is missing (expected 1 value)
clang: error: no input files
configure:4680: $? = 1
configure:4669: g++ -qversion >&5
clang: error: unknown argument: '-qversion'
clang: error: no input files
configure:4680: $? = 1
configure:4684: checking whether we are using the GNU C++ compiler
configure:4703: g++ -c -O2 -DNDEBUG   conftest.cpp >&5
configure:4703: $? = 0
configure:4712: result: yes
configure:4721: checking whether g++ accepts -g
configure:4741: g++ -c -g  conftest.cpp >&5
configure:4741: $? = 0
configure:4782: result: yes
configure:4807: checking dependency style of g++
configure:4918: result: gcc3
configure:4934: checking whether ln -s works
configure:4938: result: yes
configure:4945: checking whether make sets $(MAKE)
configure:4967: result: yes
configure:5020: checking for ranlib
configure:5036: found /opt/local/bin/ranlib
configure:5047: result: ranlib
configure:5115: checking how to print strings
configure:5142: result: printf
configure:5163: checking for a sed that does not truncate output
configure:5227: result: /usr/bin/sed
configure:5245: checking for grep that handles long lines and -e
configure:5303: result: /usr/bin/grep
configure:5308: checking for egrep
configure:5370: result: /usr/bin/grep -E
configure:5375: checking for fgrep
configure:5437: result: /usr/bin/grep -F
configure:5472: checking for ld used by gcc
configure:5539: result: /Applications/Xcode.app/Contents/Developer/Toolchains/XcodeDefault.xctoolchain/usr/bin/ld
configure:5546: checking if the linker (/Applications/Xcode.app/Contents/Developer/Toolchains/XcodeDefault.xctoolchain/usr/bin/ld) is GNU ld
configure:5561: result: no
configure:5573: checking for BSD- or MS-compatible name lister (nm)
configure:5622: result: /usr/bin/nm -B
configure:5752: checking the name lister (/usr/bin/nm -B) interface
configure:5759: g++ -c -O2 -DNDEBUG   conftest.cpp >&5
configure:5762: /usr/bin/nm -B "conftest.o"
configure:5765: output
0000000000000000 S _some_variable
configure:5772: result: BSD nm
configure:5776: checking the maximum length of command line arguments
configure:5906: result: 196608
configure:5923: checking whether the shell understands some XSI constructs
configure:5933: result: yes
configure:5937: checking whether the shell understands "+="
configure:5943: result: yes
configure:5978: checking how to convert x86_64-apple-darwin15.5.0 file names to x86_64-apple-darwin15.5.0 format
configure:6018: result: func_convert_file_noop
configure:6025: checking how to convert x86_64-apple-darwin15.5.0 file names to toolchain format
configure:6045: result: func_convert_file_noop
configure:6052: checking for /Applications/Xcode.app/Contents/Developer/Toolchains/XcodeDefault.xctoolchain/usr/bin/ld option to reload object files
configure:6059: result: -r
configure:6133: checking for objdump
configure:6163: result: no
configure:6192: checking how to recognize dependent libraries
configure:6394: result: pass_all
configure:6479: checking for dlltool
configure:6509: result: no
configure:6539: checking how to associate runtime and link libraries
configure:6566: result: printf %s\n
configure:6627: checking for ar
configure:6643: found /opt/local/bin/ar
configure:6654: result: ar
configure:6691: checking for archiver @FILE support
configure:6708: g++ -c -O2 -DNDEBUG   conftest.cpp >&5
configure:6708: $? = 0
configure:6711: ar cru libconftest.a @conftest.lst >&5
ar: @conftest.lst: No such file or directory
configure:6714: $? = 1
configure:6734: result: no
configure:6792: checking for strip
configure:6808: found /opt/local/bin/strip
configure:6819: result: strip
configure:6891: checking for ranlib
configure:6918: result: ranlib
configure:7020: checking command to parse /usr/bin/nm -B output from gcc object
configure:7140: g++ -c -O2 -DNDEBUG   conftest.cpp >&5
configure:7143: $? = 0
configure:7147: /usr/bin/nm -B conftest.o \| sed -n -e 's/^.*[ ]\([BCDEGRST][BCDEGRST]*\)[ ][ ]*\([_A-Za-z][_A-Za-z0-9]*\)$/\1 \2 \2/p' | sed '/ __gnu_lto/d' \> conftest.nm
configure:7150: $? = 0
cannot find nm_test_var in conftest.nm
configure:7140: g++ -c -O2 -DNDEBUG   conftest.cpp >&5
configure:7143: $? = 0
configure:7147: /usr/bin/nm -B conftest.o \| sed -n -e 's/^.*[ ]\([BCDEGRST][BCDEGRST]*\)[ ][ ]*_\([_A-Za-z][_A-Za-z0-9]*\)$/\1 _\2 \2/p' | sed '/ __gnu_lto/d' \> conftest.nm
configure:7150: $? = 0
configure:7216: g++ -o conftest -O2 -DNDEBUG    conftest.cpp conftstm.o >&5
configure:7219: $? = 0
configure:7257: result: ok
configure:7294: checking for sysroot
configure:7324: result: no
configure:7587: checking for mt
configure:7617: result: no
configure:7637: checking if : is a manifest tool
configure:7643: : '-?'
configure:7651: result: no
configure:7707: checking for dsymutil
configure:7723: found /usr/bin/dsymutil
configure:7734: result: dsymutil
configure:7799: checking for nmedit
configure:7815: found /opt/local/bin/nmedit
configure:7826: result: nmedit
configure:7891: checking for lipo
configure:7907: found /opt/local/bin/lipo
configure:7918: result: lipo
configure:7983: checking for otool
configure:7999: found /opt/local/bin/otool
configure:8010: result: otool
configure:8075: checking for otool64
configure:8105: result: no
configure:8150: checking for -single_module linker flag
gcc -g -O2  -o libconftest.dylib -dynamiclib -Wl,-single_module conftest.c
configure:8183: result: yes
configure:8186: checking for -exported_symbols_list linker flag
configure:8206: g++ -o conftest -O2 -DNDEBUG    -Wl,-exported_symbols_list,conftest.sym conftest.cpp  >&5
configure:8206: $? = 0
configure:8216: result: yes
configure:8219: checking for -force_load linker flag
gcc -g -O2 -c -o conftest.o conftest.c
ar cru libconftest.a conftest.o
ranlib libconftest.a
gcc -g -O2  -o conftest conftest.c -Wl,-force_load,./libconftest.a
configure:8251: result: yes
configure:8289: checking for ANSI C header files
configure:8309: g++ -c -O2 -DNDEBUG   conftest.cpp >&5
configure:8309: $? = 0
./configure: line 8323: conftest.cpp: command not found
configure:8393: result: no
configure:8406: checking for sys/types.h
configure:8406: g++ -c -O2 -DNDEBUG   conftest.cpp >&5
configure:8406: $? = 0
configure:8406: result: yes
configure:8406: checking for sys/stat.h
configure:8406: g++ -c -O2 -DNDEBUG   conftest.cpp >&5
configure:8406: $? = 0
configure:8406: result: yes
configure:8406: checking for stdlib.h
configure:8406: g++ -c -O2 -DNDEBUG   conftest.cpp >&5
configure:8406: $? = 0
configure:8406: result: yes
configure:8406: checking for string.h
configure:8406: g++ -c -O2 -DNDEBUG   conftest.cpp >&5
configure:8406: $? = 0
configure:8406: result: yes
configure:8406: checking for memory.h
configure:8406: g++ -c -O2 -DNDEBUG   conftest.cpp >&5
configure:8406: $? = 0
configure:8406: result: yes
configure:8406: checking for strings.h
configure:8406: g++ -c -O2 -DNDEBUG   conftest.cpp >&5
configure:8406: $? = 0
configure:8406: result: yes
configure:8406: checking for inttypes.h
configure:8406: g++ -c -O2 -DNDEBUG   conftest.cpp >&5
configure:8406: $? = 0
configure:8406: result: yes
configure:8406: checking for stdint.h
configure:8406: g++ -c -O2 -DNDEBUG   conftest.cpp >&5
configure:8406: $? = 0
configure:8406: result: yes
configure:8406: checking for unistd.h
configure:8406: g++ -c -O2 -DNDEBUG   conftest.cpp >&5
configure:8406: $? = 0
configure:8406: result: yes
configure:8420: checking for dlfcn.h
configure:8420: g++ -c -O2 -DNDEBUG   conftest.cpp >&5
configure:8420: $? = 0
configure:8420: result: yes
configure:8636: checking for objdir
configure:8651: result: .libs
configure:8918: checking if gcc supports -fno-rtti -fno-exceptions
configure:8936: gcc -c -g -O2  -fno-rtti -fno-exceptions conftest.c >&5
configure:8940: $? = 0
configure:8953: result: yes
configure:9280: checking for gcc option to produce PIC
configure:9287: result: -fno-common -DPIC
configure:9295: checking if gcc PIC flag -fno-common -DPIC works
configure:9313: gcc -c -g -O2  -fno-common -DPIC -DPIC conftest.c >&5
configure:9317: $? = 0
configure:9330: result: yes
configure:9359: checking if gcc static flag -static works
configure:9387: result: no
configure:9402: checking if gcc supports -c -o file.o
configure:9423: gcc -c -g -O2  -o out/conftest2.o conftest.c >&5
configure:9427: $? = 0
configure:9449: result: yes
configure:9457: checking if gcc supports -c -o file.o
configure:9504: result: yes
configure:9537: checking whether the gcc linker (/Applications/Xcode.app/Contents/Developer/Toolchains/XcodeDefault.xctoolchain/usr/bin/ld) supports shared libraries
configure:10690: result: yes
configure:10930: checking dynamic linker characteristics
configure:11663: result: darwin15.5.0 dyld
configure:11770: checking how to hardcode library paths into programs
configure:11795: result: immediate
configure:12335: checking whether stripping libraries is possible
configure:12349: result: yes
configure:12375: checking if libtool supports shared libraries
configure:12377: result: yes
configure:12380: checking whether to build shared libraries
configure:12401: result: yes
configure:12404: checking whether to build static libraries
configure:12408: result: yes
configure:12431: checking how to run the C++ preprocessor
configure:12458: g++ -E  conftest.cpp
configure:12458: $? = 0
configure:12472: g++ -E  conftest.cpp
conftest.cpp:22:10: fatal error: 'ac_nonexistent.h' file not found
#include <ac_nonexistent.h>
         ^
1 error generated.
configure:12472: $? = 1
configure: failed program was:
| /* confdefs.h */
| #define PACKAGE_NAME "sumo"
| #define PACKAGE_TARNAME "sumo"
| #define PACKAGE_VERSION "0.26.0"
| #define PACKAGE_STRING "sumo 0.26.0"
| #define PACKAGE_BUGREPORT ""
| #define PACKAGE_URL ""
| #define PACKAGE "sumo"
| #define VERSION "0.26.0"
| #define HAVE_SYS_TYPES_H 1
| #define HAVE_SYS_STAT_H 1
| #define HAVE_STDLIB_H 1
| #define HAVE_STRING_H 1
| #define HAVE_MEMORY_H 1
| #define HAVE_STRINGS_H 1
| #define HAVE_INTTYPES_H 1
| #define HAVE_STDINT_H 1
| #define HAVE_UNISTD_H 1
| #define HAVE_DLFCN_H 1
| #define LT_OBJDIR ".libs/"
| /* end confdefs.h.  */
| #include <ac_nonexistent.h>
configure:12497: result: g++ -E
configure:12517: g++ -E  conftest.cpp
configure:12517: $? = 0
configure:12531: g++ -E  conftest.cpp
conftest.cpp:22:10: fatal error: 'ac_nonexistent.h' file not found
#include <ac_nonexistent.h>
         ^
1 error generated.
configure:12531: $? = 1
configure: failed program was:
| /* confdefs.h */
| #define PACKAGE_NAME "sumo"
| #define PACKAGE_TARNAME "sumo"
| #define PACKAGE_VERSION "0.26.0"
| #define PACKAGE_STRING "sumo 0.26.0"
| #define PACKAGE_BUGREPORT ""
| #define PACKAGE_URL ""
| #define PACKAGE "sumo"
| #define VERSION "0.26.0"
| #define HAVE_SYS_TYPES_H 1
| #define HAVE_SYS_STAT_H 1
| #define HAVE_STDLIB_H 1
| #define HAVE_STRING_H 1
| #define HAVE_MEMORY_H 1
| #define HAVE_STRINGS_H 1
| #define HAVE_INTTYPES_H 1
| #define HAVE_STDINT_H 1
| #define HAVE_UNISTD_H 1
| #define HAVE_DLFCN_H 1
| #define LT_OBJDIR ".libs/"
| /* end confdefs.h.  */
| #include <ac_nonexistent.h>
configure:12700: checking for ld used by g++
configure:12767: result: /Applications/Xcode.app/Contents/Developer/Toolchains/XcodeDefault.xctoolchain/usr/bin/ld
configure:12774: checking if the linker (/Applications/Xcode.app/Contents/Developer/Toolchains/XcodeDefault.xctoolchain/usr/bin/ld) is GNU ld
configure:12789: result: no
configure:12844: checking whether the g++ linker (/Applications/Xcode.app/Contents/Developer/Toolchains/XcodeDefault.xctoolchain/usr/bin/ld) supports shared libraries
configure:13849: result: yes
configure:13885: g++ -c -O2 -DNDEBUG   conftest.cpp >&5
configure:13888: $? = 0
configure:14408: checking for g++ option to produce PIC
configure:14415: result: -fno-common -DPIC
configure:14423: checking if g++ PIC flag -fno-common -DPIC works
configure:14441: g++ -c -O2 -DNDEBUG   -fno-common -DPIC -DPIC conftest.cpp >&5
configure:14445: $? = 0
configure:14458: result: yes
configure:14481: checking if g++ static flag -static works
configure:14509: result: no
configure:14521: checking if g++ supports -c -o file.o
configure:14542: g++ -c -O2 -DNDEBUG   -o out/conftest2.o conftest.cpp >&5
configure:14546: $? = 0
configure:14568: result: yes
configure:14573: checking if g++ supports -c -o file.o
configure:14620: result: yes
configure:14650: checking whether the g++ linker (/Applications/Xcode.app/Contents/Developer/Toolchains/XcodeDefault.xctoolchain/usr/bin/ld) supports shared libraries
configure:14686: result: yes
configure:14827: checking dynamic linker characteristics
configure:15494: result: darwin15.5.0 dyld
configure:15547: checking how to hardcode library paths into programs
configure:15572: result: immediate
configure:15834: checking for pkg-config
configure:15852: found /opt/local/bin/pkg-config
configure:15864: result: /opt/local/bin/pkg-config
configure:15889: checking pkg-config is at least version 0.9.0
configure:15892: result: yes
configure:15902: checking for XERCES
configure:15909: $PKG_CONFIG --exists --print-errors "xerces-c >= 3.0"
configure:15912: $? = 0
configure:15926: $PKG_CONFIG --exists --print-errors "xerces-c >= 3.0"
configure:15929: $? = 0
configure:15971: result: yes
configure:16002: checking for main in -lxerces-c
configure:16021: g++ -o conftest -O2 -DNDEBUG   -I/opt/local/include  -L/opt/local/lib conftest.cpp -lxerces-c   >&5
configure:16021: $? = 0
configure:16031: result: yes
configure:16097: checking xercesc/util/XercesVersion.hpp usability
configure:16097: g++ -c -O2 -DNDEBUG   -I/opt/local/include -I/usr/local/include -I/usr/include conftest.cpp >&5
configure:16097: $? = 0
configure:16097: result: yes
configure:16097: checking xercesc/util/XercesVersion.hpp presence
configure:16097: g++ -E  -I/opt/local/include -I/usr/local/include -I/usr/include conftest.cpp
configure:16097: $? = 0
configure:16097: result: yes
configure:16097: checking for xercesc/util/XercesVersion.hpp
configure:16097: result: yes
configure:16148: checking for main in -lproj
configure:16167: g++ -o conftest -O2 -DNDEBUG   -I/opt/local/include  -L/opt/local/lib conftest.cpp -lproj   >&5
configure:16167: $? = 0
configure:16176: result: yes
configure:16236: checking proj_api.h usability
configure:16236: g++ -c -O2 -DNDEBUG   -I/opt/local/include conftest.cpp >&5
configure:16236: $? = 0
configure:16236: result: yes
configure:16236: checking proj_api.h presence
configure:16236: g++ -E  -I/opt/local/include conftest.cpp
configure:16236: $? = 0
configure:16236: result: yes
configure:16236: checking for proj_api.h
configure:16236: result: yes
configure:16282: checking for gdal-config
configure:16300: found /opt/local/bin/gdal-config
configure:16312: result: /opt/local/bin/gdal-config
configure:16343: checking ogr_api.h usability
configure:16343: g++ -c -O2 -DNDEBUG  -I/opt/local/include conftest.cpp >&5
configure:16343: $? = 0
configure:16343: result: yes
configure:16343: checking ogr_api.h presence
configure:16343: g++ -E -I/opt/local/include conftest.cpp
configure:16343: $? = 0
configure:16343: result: yes
configure:16343: checking for ogr_api.h
configure:16343: result: yes
configure:16374: checking for fox-config
configure:16392: found /opt/local/bin/fox-config
configure:16404: result: /opt/local/bin/fox-config
configure:16435: checking fxver.h usability
configure:16435: g++ -c -O2 -DNDEBUG  -I/opt/local/include/fox-1.6 conftest.cpp >&5
configure:16435: $? = 0
configure:16435: result: yes
configure:16435: checking fxver.h presence
configure:16435: g++ -E -I/opt/local/include/fox-1.6 conftest.cpp
configure:16435: $? = 0
configure:16435: result: yes
configure:16435: checking for fxver.h
configure:16435: result: yes
configure:16474: checking for gtest-config
configure:16507: result: no
configure:16624: checking libavformat/version.h usability
configure:16624: g++ -c -O2 -DNDEBUG   -I/opt/local/include -I/usr/include/ffmpeg -I/usr/local/include conftest.cpp >&5
configure:16624: $? = 0
configure:16624: result: yes
configure:16624: checking libavformat/version.h presence
configure:16624: g++ -E  -I/opt/local/include -I/usr/include/ffmpeg -I/usr/local/include conftest.cpp
configure:16624: $? = 0
configure:16624: result: yes
configure:16624: checking for libavformat/version.h
configure:16624: result: yes
configure:16658: checking for size_t
configure:16658: g++ -c -O2 -DNDEBUG   -I/opt/local/include conftest.cpp >&5
configure:16658: $? = 0
configure:16658: g++ -c -O2 -DNDEBUG   -I/opt/local/include conftest.cpp >&5
conftest.cpp:71:21: error: expected expression
if (sizeof ((size_t)))
                    ^
1 error generated.
configure:16658: $? = 1
configure: failed program was:
| /* confdefs.h */
| #define PACKAGE_NAME "sumo"
| #define PACKAGE_TARNAME "sumo"
| #define PACKAGE_VERSION "0.26.0"
| #define PACKAGE_STRING "sumo 0.26.0"
| #define PACKAGE_BUGREPORT ""
| #define PACKAGE_URL ""
| #define PACKAGE "sumo"
| #define VERSION "0.26.0"
| #define HAVE_SYS_TYPES_H 1
| #define HAVE_SYS_STAT_H 1
| #define HAVE_STDLIB_H 1
| #define HAVE_STRING_H 1
| #define HAVE_MEMORY_H 1
| #define HAVE_STRINGS_H 1
| #define HAVE_INTTYPES_H 1
| #define HAVE_STDINT_H 1
| #define HAVE_UNISTD_H 1
| #define HAVE_DLFCN_H 1
| #define LT_OBJDIR ".libs/"
| #define HAVE_INTERNAL_LANES 1
| #define SUMOReal double
| #define POSITION_EPS (SUMOReal)0.1
| #define NUMERICAL_EPS (SUMOReal)0.001
| #define OUTPUT_ACCURACY 2
| #define GEO_OUTPUT_ACCURACY 6
| #define VERSION_STRING "0.26.0"
| #define XERCES3_SIZE_t XMLSize_t
| #define HAVE_PROJ 1
| #define HAVE_GDAL 1
| #define HAVE_FOX 1
| #define HAVE_FFMPEG 1
| #define HAVE_ENABLED "x86_64-apple-darwin15.5.0 InternalLanes DoublePrecision TRACI PROJ GDAL GUI ffmpeg"
| /* end confdefs.h.  */
| #include <stdio.h>
| #ifdef HAVE_SYS_TYPES_H
| # include <sys/types.h>
| #endif
| #ifdef HAVE_SYS_STAT_H
| # include <sys/stat.h>
| #endif
| #ifdef STDC_HEADERS
| # include <stdlib.h>
| # include <stddef.h>
| #else
| # ifdef HAVE_STDLIB_H
| #  include <stdlib.h>
| # endif
| #endif
| #ifdef HAVE_STRING_H
| # if !defined STDC_HEADERS && defined HAVE_MEMORY_H
| #  include <memory.h>
| # endif
| # include <string.h>
| #endif
| #ifdef HAVE_STRINGS_H
| # include <strings.h>
| #endif
| #ifdef HAVE_INTTYPES_H
| # include <inttypes.h>
| #endif
| #ifdef HAVE_STDINT_H
| # include <stdint.h>
| #endif
| #ifdef HAVE_UNISTD_H
| # include <unistd.h>
| #endif
| int
| main ()
| {
| if (sizeof ((size_t)))
| 	    return 0;
|   ;
|   return 0;
| }
configure:16658: result: yes
configure:16671: checking for working alloca.h
configure:16688: g++ -o conftest -O2 -DNDEBUG   -I/opt/local/include  -L/opt/local/lib conftest.cpp  >&5
configure:16688: $? = 0
configure:16696: result: yes
configure:16704: checking for alloca
configure:16741: g++ -o conftest -O2 -DNDEBUG   -I/opt/local/include  -L/opt/local/lib conftest.cpp  >&5
configure:16741: $? = 0
configure:16749: result: yes
configure:16855: checking for ANSI C header files
configure:16959: result: no
configure:16970: checking float.h usability
configure:16970: g++ -c -O2 -DNDEBUG   -I/opt/local/include conftest.cpp >&5
configure:16970: $? = 0
configure:16970: result: yes
configure:16970: checking float.h presence
configure:16970: g++ -E  -I/opt/local/include conftest.cpp
configure:16970: $? = 0
configure:16970: result: yes
configure:16970: checking for float.h
configure:16970: result: yes
configure:16970: checking limits.h usability
configure:16970: g++ -c -O2 -DNDEBUG   -I/opt/local/include conftest.cpp >&5
configure:16970: $? = 0
configure:16970: result: yes
configure:16970: checking limits.h presence
configure:16970: g++ -E  -I/opt/local/include conftest.cpp
configure:16970: $? = 0
configure:16970: result: yes
configure:16970: checking for limits.h
configure:16970: result: yes
configure:16970: checking malloc.h usability
configure:16970: g++ -c -O2 -DNDEBUG   -I/opt/local/include conftest.cpp >&5
conftest.cpp:72:10: fatal error: 'malloc.h' file not found
#include <malloc.h>
         ^
1 error generated.
configure:16970: $? = 1
configure: failed program was:
| /* confdefs.h */
| #define PACKAGE_NAME "sumo"
| #define PACKAGE_TARNAME "sumo"
| #define PACKAGE_VERSION "0.26.0"
| #define PACKAGE_STRING "sumo 0.26.0"
| #define PACKAGE_BUGREPORT ""
| #define PACKAGE_URL ""
| #define PACKAGE "sumo"
| #define VERSION "0.26.0"
| #define HAVE_SYS_TYPES_H 1
| #define HAVE_SYS_STAT_H 1
| #define HAVE_STDLIB_H 1
| #define HAVE_STRING_H 1
| #define HAVE_MEMORY_H 1
| #define HAVE_STRINGS_H 1
| #define HAVE_INTTYPES_H 1
| #define HAVE_STDINT_H 1
| #define HAVE_UNISTD_H 1
| #define HAVE_DLFCN_H 1
| #define LT_OBJDIR ".libs/"
| #define HAVE_INTERNAL_LANES 1
| #define SUMOReal double
| #define POSITION_EPS (SUMOReal)0.1
| #define NUMERICAL_EPS (SUMOReal)0.001
| #define OUTPUT_ACCURACY 2
| #define GEO_OUTPUT_ACCURACY 6
| #define VERSION_STRING "0.26.0"
| #define XERCES3_SIZE_t XMLSize_t
| #define HAVE_PROJ 1
| #define HAVE_GDAL 1
| #define HAVE_FOX 1
| #define HAVE_FFMPEG 1
| #define HAVE_ENABLED "x86_64-apple-darwin15.5.0 InternalLanes DoublePrecision TRACI PROJ GDAL GUI ffmpeg"
| #define HAVE_ALLOCA_H 1
| #define HAVE_ALLOCA 1
| #define HAVE_FLOAT_H 1
| #define HAVE_LIMITS_H 1
| /* end confdefs.h.  */
| #include <stdio.h>
| #ifdef HAVE_SYS_TYPES_H
| # include <sys/types.h>
| #endif
| #ifdef HAVE_SYS_STAT_H
| # include <sys/stat.h>
| #endif
| #ifdef STDC_HEADERS
| # include <stdlib.h>
| # include <stddef.h>
| #else
| # ifdef HAVE_STDLIB_H
| #  include <stdlib.h>
| # endif
| #endif
| #ifdef HAVE_STRING_H
| # if !defined STDC_HEADERS && defined HAVE_MEMORY_H
| #  include <memory.h>
| # endif
| # include <string.h>
| #endif
| #ifdef HAVE_STRINGS_H
| # include <strings.h>
| #endif
| #ifdef HAVE_INTTYPES_H
| # include <inttypes.h>
| #endif
| #ifdef HAVE_STDINT_H
| # include <stdint.h>
| #endif
| #ifdef HAVE_UNISTD_H
| # include <unistd.h>
| #endif
| #include <malloc.h>
configure:16970: result: no
configure:16970: checking malloc.h presence
configure:16970: g++ -E  -I/opt/local/include conftest.cpp
conftest.cpp:39:10: fatal error: 'malloc.h' file not found
#include <malloc.h>
         ^
1 error generated.
configure:16970: $? = 1
configure: failed program was:
| /* confdefs.h */
| #define PACKAGE_NAME "sumo"
| #define PACKAGE_TARNAME "sumo"
| #define PACKAGE_VERSION "0.26.0"
| #define PACKAGE_STRING "sumo 0.26.0"
| #define PACKAGE_BUGREPORT ""
| #define PACKAGE_URL ""
| #define PACKAGE "sumo"
| #define VERSION "0.26.0"
| #define HAVE_SYS_TYPES_H 1
| #define HAVE_SYS_STAT_H 1
| #define HAVE_STDLIB_H 1
| #define HAVE_STRING_H 1
| #define HAVE_MEMORY_H 1
| #define HAVE_STRINGS_H 1
| #define HAVE_INTTYPES_H 1
| #define HAVE_STDINT_H 1
| #define HAVE_UNISTD_H 1
| #define HAVE_DLFCN_H 1
| #define LT_OBJDIR ".libs/"
| #define HAVE_INTERNAL_LANES 1
| #define SUMOReal double
| #define POSITION_EPS (SUMOReal)0.1
| #define NUMERICAL_EPS (SUMOReal)0.001
| #define OUTPUT_ACCURACY 2
| #define GEO_OUTPUT_ACCURACY 6
| #define VERSION_STRING "0.26.0"
| #define XERCES3_SIZE_t XMLSize_t
| #define HAVE_PROJ 1
| #define HAVE_GDAL 1
| #define HAVE_FOX 1
| #define HAVE_FFMPEG 1
| #define HAVE_ENABLED "x86_64-apple-darwin15.5.0 InternalLanes DoublePrecision TRACI PROJ GDAL GUI ffmpeg"
| #define HAVE_ALLOCA_H 1
| #define HAVE_ALLOCA 1
| #define HAVE_FLOAT_H 1
| #define HAVE_LIMITS_H 1
| /* end confdefs.h.  */
| #include <malloc.h>
configure:16970: result: no
configure:16970: checking for malloc.h
configure:16970: result: no
configure:16970: checking math.h usability
configure:16970: g++ -c -O2 -DNDEBUG   -I/opt/local/include conftest.cpp >&5
configure:16970: $? = 0
configure:16970: result: yes
configure:16970: checking math.h presence
configure:16970: g++ -E  -I/opt/local/include conftest.cpp
configure:16970: $? = 0
configure:16970: result: yes
configure:16970: checking for math.h
configure:16970: result: yes
configure:16970: checking stddef.h usability
configure:16970: g++ -c -O2 -DNDEBUG   -I/opt/local/include conftest.cpp >&5
configure:16970: $? = 0
configure:16970: result: yes
configure:16970: checking stddef.h presence
configure:16970: g++ -E  -I/opt/local/include conftest.cpp
configure:16970: $? = 0
configure:16970: result: yes
configure:16970: checking for stddef.h
configure:16970: result: yes
configure:16970: checking for stdlib.h
configure:16970: result: yes
configure:16970: checking for string.h
configure:16970: result: yes
configure:16970: checking sys/time.h usability
configure:16970: g++ -c -O2 -DNDEBUG   -I/opt/local/include conftest.cpp >&5
configure:16970: $? = 0
configure:16970: result: yes
configure:16970: checking sys/time.h presence
configure:16970: g++ -E  -I/opt/local/include conftest.cpp
configure:16970: $? = 0
configure:16970: result: yes
configure:16970: checking for sys/time.h
configure:16970: result: yes
configure:16970: checking for unistd.h
configure:16970: result: yes
configure:16970: checking wchar.h usability
configure:16970: g++ -c -O2 -DNDEBUG   -I/opt/local/include conftest.cpp >&5
configure:16970: $? = 0
configure:16970: result: yes
configure:16970: checking wchar.h presence
configure:16970: g++ -E  -I/opt/local/include conftest.cpp
configure:16970: $? = 0
configure:16970: result: yes
configure:16970: checking for wchar.h
configure:16970: result: yes
configure:16981: checking for stdbool.h that conforms to C99
configure:17048: g++ -c -O2 -DNDEBUG   -I/opt/local/include conftest.cpp >&5
conftest.cpp:95:24: warning: address of 's' will always evaluate to 'true' [-Wpointer-bool-conversion]
             bool e = &s;
                  ~    ^
conftest.cpp:99:23: warning: address of array 'a' will always evaluate to 'true' [-Wpointer-bool-conversion]
             return (!a + !b + !c + !d + !e + !f + !g + !h + !i + !!j + !k + !!l
                     ~^
conftest.cpp:99:28: warning: address of array 'b' will always evaluate to 'true' [-Wpointer-bool-conversion]
             return (!a + !b + !c + !d + !e + !f + !g + !h + !i + !!j + !k + !!l
                          ~^
conftest.cpp:99:33: warning: address of array 'c' will always evaluate to 'true' [-Wpointer-bool-conversion]
             return (!a + !b + !c + !d + !e + !f + !g + !h + !i + !!j + !k + !!l
                               ~^
conftest.cpp:99:38: warning: address of array 'd' will always evaluate to 'true' [-Wpointer-bool-conversion]
             return (!a + !b + !c + !d + !e + !f + !g + !h + !i + !!j + !k + !!l
                                    ~^
conftest.cpp:99:48: warning: address of array 'f' will always evaluate to 'true' [-Wpointer-bool-conversion]
             return (!a + !b + !c + !d + !e + !f + !g + !h + !i + !!j + !k + !!l
                                              ~^
conftest.cpp:99:53: warning: address of array 'g' will always evaluate to 'true' [-Wpointer-bool-conversion]
             return (!a + !b + !c + !d + !e + !f + !g + !h + !i + !!j + !k + !!l
                                                   ~^
conftest.cpp:99:58: warning: address of array 'h' will always evaluate to 'true' [-Wpointer-bool-conversion]
             return (!a + !b + !c + !d + !e + !f + !g + !h + !i + !!j + !k + !!l
                                                        ~^
conftest.cpp:99:63: warning: address of array 'i' will always evaluate to 'true' [-Wpointer-bool-conversion]
             return (!a + !b + !c + !d + !e + !f + !g + !h + !i + !!j + !k + !!l
                                                             ~^
conftest.cpp:100:30: warning: address of array 'n' will always evaluate to 'true' [-Wpointer-bool-conversion]
                            ~^
conftest.cpp:100:35: warning: address of array 'o' will always evaluate to 'true' [-Wpointer-bool-conversion]
                                 ~^
conftest.cpp:100:40: warning: address of array 'p' will always evaluate to 'true' [-Wpointer-bool-conversion]
                                      ~^
12 warnings generated.
configure:17048: $? = 0
configure:17055: result: yes
configure:17057: checking for _Bool
configure:17057: g++ -c -O2 -DNDEBUG   -I/opt/local/include conftest.cpp >&5
conftest.cpp:82:13: error: use of undeclared identifier '_Bool'
if (sizeof (_Bool))
            ^
1 error generated.
configure:17057: $? = 1
configure: failed program was:
| /* confdefs.h */
| #define PACKAGE_NAME "sumo"
| #define PACKAGE_TARNAME "sumo"
| #define PACKAGE_VERSION "0.26.0"
| #define PACKAGE_STRING "sumo 0.26.0"
| #define PACKAGE_BUGREPORT ""
| #define PACKAGE_URL ""
| #define PACKAGE "sumo"
| #define VERSION "0.26.0"
| #define HAVE_SYS_TYPES_H 1
| #define HAVE_SYS_STAT_H 1
| #define HAVE_STDLIB_H 1
| #define HAVE_STRING_H 1
| #define HAVE_MEMORY_H 1
| #define HAVE_STRINGS_H 1
| #define HAVE_INTTYPES_H 1
| #define HAVE_STDINT_H 1
| #define HAVE_UNISTD_H 1
| #define HAVE_DLFCN_H 1
| #define LT_OBJDIR ".libs/"
| #define HAVE_INTERNAL_LANES 1
| #define SUMOReal double
| #define POSITION_EPS (SUMOReal)0.1
| #define NUMERICAL_EPS (SUMOReal)0.001
| #define OUTPUT_ACCURACY 2
| #define GEO_OUTPUT_ACCURACY 6
| #define VERSION_STRING "0.26.0"
| #define XERCES3_SIZE_t XMLSize_t
| #define HAVE_PROJ 1
| #define HAVE_GDAL 1
| #define HAVE_FOX 1
| #define HAVE_FFMPEG 1
| #define HAVE_ENABLED "x86_64-apple-darwin15.5.0 InternalLanes DoublePrecision TRACI PROJ GDAL GUI ffmpeg"
| #define HAVE_ALLOCA_H 1
| #define HAVE_ALLOCA 1
| #define HAVE_FLOAT_H 1
| #define HAVE_LIMITS_H 1
| #define HAVE_MATH_H 1
| #define HAVE_STDDEF_H 1
| #define HAVE_STDLIB_H 1
| #define HAVE_STRING_H 1
| #define HAVE_SYS_TIME_H 1
| #define HAVE_UNISTD_H 1
| #define HAVE_WCHAR_H 1
| /* end confdefs.h.  */
| #include <stdio.h>
| #ifdef HAVE_SYS_TYPES_H
| # include <sys/types.h>
| #endif
| #ifdef HAVE_SYS_STAT_H
| # include <sys/stat.h>
| #endif
| #ifdef STDC_HEADERS
| # include <stdlib.h>
| # include <stddef.h>
| #else
| # ifdef HAVE_STDLIB_H
| #  include <stdlib.h>
| # endif
| #endif
| #ifdef HAVE_STRING_H
| # if !defined STDC_HEADERS && defined HAVE_MEMORY_H
| #  include <memory.h>
| # endif
| # include <string.h>
| #endif
| #ifdef HAVE_STRINGS_H
| # include <strings.h>
| #endif
| #ifdef HAVE_INTTYPES_H
| # include <inttypes.h>
| #endif
| #ifdef HAVE_STDINT_H
| # include <stdint.h>
| #endif
| #ifdef HAVE_UNISTD_H
| # include <unistd.h>
| #endif
| int
| main ()
| {
| if (sizeof (_Bool))
| 	 return 0;
|   ;
|   return 0;
| }
configure:17057: result: no
configure:17074: checking for an ANSI C-conforming const
configure:17140: g++ -c -O2 -DNDEBUG   -I/opt/local/include conftest.cpp >&5
configure:17140: $? = 0
configure:17147: result: yes
configure:17155: checking for inline
configure:17171: g++ -c -O2 -DNDEBUG   -I/opt/local/include conftest.cpp >&5
configure:17171: $? = 0
configure:17179: result: inline
configure:17197: checking for size_t
configure:17197: result: yes
configure:17208: checking whether time.h and sys/time.h may both be included
configure:17228: g++ -c -O2 -DNDEBUG   -I/opt/local/include conftest.cpp >&5
configure:17228: $? = 0
configure:17235: result: yes
configure:17243: checking whether struct tm is in sys/time.h or time.h
configure:17263: g++ -c -O2 -DNDEBUG   -I/opt/local/include conftest.cpp >&5
configure:17263: $? = 0
configure:17270: result: time.h
configure:17278: checking for working volatile
configure:17297: g++ -c -O2 -DNDEBUG   -I/opt/local/include conftest.cpp >&5
configure:17297: $? = 0
configure:17304: result: yes
configure:17313: checking for error_at_line
configure:17329: g++ -o conftest -O2 -DNDEBUG   -I/opt/local/include  -L/opt/local/lib conftest.cpp  >&5
conftest.cpp:48:10: fatal error: 'error.h' file not found
#include <error.h>
         ^
1 error generated.
configure:17329: $? = 1
configure: failed program was:
| /* confdefs.h */
| #define PACKAGE_NAME "sumo"
| #define PACKAGE_TARNAME "sumo"
| #define PACKAGE_VERSION "0.26.0"
| #define PACKAGE_STRING "sumo 0.26.0"
| #define PACKAGE_BUGREPORT ""
| #define PACKAGE_URL ""
| #define PACKAGE "sumo"
| #define VERSION "0.26.0"
| #define HAVE_SYS_TYPES_H 1
| #define HAVE_SYS_STAT_H 1
| #define HAVE_STDLIB_H 1
| #define HAVE_STRING_H 1
| #define HAVE_MEMORY_H 1
| #define HAVE_STRINGS_H 1
| #define HAVE_INTTYPES_H 1
| #define HAVE_STDINT_H 1
| #define HAVE_UNISTD_H 1
| #define HAVE_DLFCN_H 1
| #define LT_OBJDIR ".libs/"
| #define HAVE_INTERNAL_LANES 1
| #define SUMOReal double
| #define POSITION_EPS (SUMOReal)0.1
| #define NUMERICAL_EPS (SUMOReal)0.001
| #define OUTPUT_ACCURACY 2
| #define GEO_OUTPUT_ACCURACY 6
| #define VERSION_STRING "0.26.0"
| #define XERCES3_SIZE_t XMLSize_t
| #define HAVE_PROJ 1
| #define HAVE_GDAL 1
| #define HAVE_FOX 1
| #define HAVE_FFMPEG 1
| #define HAVE_ENABLED "x86_64-apple-darwin15.5.0 InternalLanes DoublePrecision TRACI PROJ GDAL GUI ffmpeg"
| #define HAVE_ALLOCA_H 1
| #define HAVE_ALLOCA 1
| #define HAVE_FLOAT_H 1
| #define HAVE_LIMITS_H 1
| #define HAVE_MATH_H 1
| #define HAVE_STDDEF_H 1
| #define HAVE_STDLIB_H 1
| #define HAVE_STRING_H 1
| #define HAVE_SYS_TIME_H 1
| #define HAVE_UNISTD_H 1
| #define HAVE_WCHAR_H 1
| #define HAVE_STDBOOL_H 1
| #define TIME_WITH_SYS_TIME 1
| /* end confdefs.h.  */
| #include <error.h>
| int
| main ()
| {
| error_at_line (0, 0, "", 0, "an error occurred");
|   ;
|   return 0;
| }
configure:17337: result: no
configure:17351: checking sys/select.h usability
configure:17351: g++ -c -O2 -DNDEBUG   -I/opt/local/include conftest.cpp >&5
configure:17351: $? = 0
configure:17351: result: yes
configure:17351: checking sys/select.h presence
configure:17351: g++ -E  -I/opt/local/include conftest.cpp
configure:17351: $? = 0
configure:17351: result: yes
configure:17351: checking for sys/select.h
configure:17351: result: yes
configure:17351: checking sys/socket.h usability
configure:17351: g++ -c -O2 -DNDEBUG   -I/opt/local/include conftest.cpp >&5
configure:17351: $? = 0
configure:17351: result: yes
configure:17351: checking sys/socket.h presence
configure:17351: g++ -E  -I/opt/local/include conftest.cpp
configure:17351: $? = 0
configure:17351: result: yes
configure:17351: checking for sys/socket.h
configure:17351: result: yes
configure:17361: checking types of arguments for select
configure:17389: g++ -c -O2 -DNDEBUG   -I/opt/local/include conftest.cpp >&5
configure:17389: $? = 0
configure:17400: result: int,fd_set *,struct timeval *
configure:17423: checking return type of signal handlers
configure:17441: g++ -c -O2 -DNDEBUG   -I/opt/local/include conftest.cpp >&5
conftest.cpp:59:8: error: indirection requires pointer operand ('void' invalid)
return *(signal (0, 0)) (0) == 1;
       ^~~~~~~~~~~~~~~~~~~~
1 error generated.
configure:17441: $? = 1
configure: failed program was:
| /* confdefs.h */
| #define PACKAGE_NAME "sumo"
| #define PACKAGE_TARNAME "sumo"
| #define PACKAGE_VERSION "0.26.0"
| #define PACKAGE_STRING "sumo 0.26.0"
| #define PACKAGE_BUGREPORT ""
| #define PACKAGE_URL ""
| #define PACKAGE "sumo"
| #define VERSION "0.26.0"
| #define HAVE_SYS_TYPES_H 1
| #define HAVE_SYS_STAT_H 1
| #define HAVE_STDLIB_H 1
| #define HAVE_STRING_H 1
| #define HAVE_MEMORY_H 1
| #define HAVE_STRINGS_H 1
| #define HAVE_INTTYPES_H 1
| #define HAVE_STDINT_H 1
| #define HAVE_UNISTD_H 1
| #define HAVE_DLFCN_H 1
| #define LT_OBJDIR ".libs/"
| #define HAVE_INTERNAL_LANES 1
| #define SUMOReal double
| #define POSITION_EPS (SUMOReal)0.1
| #define NUMERICAL_EPS (SUMOReal)0.001
| #define OUTPUT_ACCURACY 2
| #define GEO_OUTPUT_ACCURACY 6
| #define VERSION_STRING "0.26.0"
| #define XERCES3_SIZE_t XMLSize_t
| #define HAVE_PROJ 1
| #define HAVE_GDAL 1
| #define HAVE_FOX 1
| #define HAVE_FFMPEG 1
| #define HAVE_ENABLED "x86_64-apple-darwin15.5.0 InternalLanes DoublePrecision TRACI PROJ GDAL GUI ffmpeg"
| #define HAVE_ALLOCA_H 1
| #define HAVE_ALLOCA 1
| #define HAVE_FLOAT_H 1
| #define HAVE_LIMITS_H 1
| #define HAVE_MATH_H 1
| #define HAVE_STDDEF_H 1
| #define HAVE_STDLIB_H 1
| #define HAVE_STRING_H 1
| #define HAVE_SYS_TIME_H 1
| #define HAVE_UNISTD_H 1
| #define HAVE_WCHAR_H 1
| #define HAVE_STDBOOL_H 1
| #define TIME_WITH_SYS_TIME 1
| #define HAVE_SYS_SELECT_H 1
| #define HAVE_SYS_SOCKET_H 1
| #define SELECT_TYPE_ARG1 int
| #define SELECT_TYPE_ARG234 (fd_set *)
| #define SELECT_TYPE_ARG5 (struct timeval *)
| /* end confdefs.h.  */
| #include <sys/types.h>
| #include <signal.h>
| 
| int
| main ()
| {
| return *(signal (0, 0)) (0) == 1;
|   ;
|   return 0;
| }
configure:17448: result: void
configure:17456: checking whether lstat correctly handles trailing slash
configure:17482: g++ -o conftest -O2 -DNDEBUG   -I/opt/local/include  -L/opt/local/lib conftest.cpp  >&5
configure:17482: $? = 0
configure:17482: ./conftest
configure:17482: $? = 1
configure: program exited with status 1
configure: failed program was:
| /* confdefs.h */
| #define PACKAGE_NAME "sumo"
| #define PACKAGE_TARNAME "sumo"
| #define PACKAGE_VERSION "0.26.0"
| #define PACKAGE_STRING "sumo 0.26.0"
| #define PACKAGE_BUGREPORT ""
| #define PACKAGE_URL ""
| #define PACKAGE "sumo"
| #define VERSION "0.26.0"
| #define HAVE_SYS_TYPES_H 1
| #define HAVE_SYS_STAT_H 1
| #define HAVE_STDLIB_H 1
| #define HAVE_STRING_H 1
| #define HAVE_MEMORY_H 1
| #define HAVE_STRINGS_H 1
| #define HAVE_INTTYPES_H 1
| #define HAVE_STDINT_H 1
| #define HAVE_UNISTD_H 1
| #define HAVE_DLFCN_H 1
| #define LT_OBJDIR ".libs/"
| #define HAVE_INTERNAL_LANES 1
| #define SUMOReal double
| #define POSITION_EPS (SUMOReal)0.1
| #define NUMERICAL_EPS (SUMOReal)0.001
| #define OUTPUT_ACCURACY 2
| #define GEO_OUTPUT_ACCURACY 6
| #define VERSION_STRING "0.26.0"
| #define XERCES3_SIZE_t XMLSize_t
| #define HAVE_PROJ 1
| #define HAVE_GDAL 1
| #define HAVE_FOX 1
| #define HAVE_FFMPEG 1
| #define HAVE_ENABLED "x86_64-apple-darwin15.5.0 InternalLanes DoublePrecision TRACI PROJ GDAL GUI ffmpeg"
| #define HAVE_ALLOCA_H 1
| #define HAVE_ALLOCA 1
| #define HAVE_FLOAT_H 1
| #define HAVE_LIMITS_H 1
| #define HAVE_MATH_H 1
| #define HAVE_STDDEF_H 1
| #define HAVE_STDLIB_H 1
| #define HAVE_STRING_H 1
| #define HAVE_SYS_TIME_H 1
| #define HAVE_UNISTD_H 1
| #define HAVE_WCHAR_H 1
| #define HAVE_STDBOOL_H 1
| #define TIME_WITH_SYS_TIME 1
| #define HAVE_SYS_SELECT_H 1
| #define HAVE_SYS_SOCKET_H 1
| #define SELECT_TYPE_ARG1 int
| #define SELECT_TYPE_ARG234 (fd_set *)
| #define SELECT_TYPE_ARG5 (struct timeval *)
| #define RETSIGTYPE void
| /* end confdefs.h.  */
| #include <stdio.h>
| #ifdef HAVE_SYS_TYPES_H
| # include <sys/types.h>
| #endif
| #ifdef HAVE_SYS_STAT_H
| # include <sys/stat.h>
| #endif
| #ifdef STDC_HEADERS
| # include <stdlib.h>
| # include <stddef.h>
| #else
| # ifdef HAVE_STDLIB_H
| #  include <stdlib.h>
| # endif
| #endif
| #ifdef HAVE_STRING_H
| # if !defined STDC_HEADERS && defined HAVE_MEMORY_H
| #  include <memory.h>
| # endif
| # include <string.h>
| #endif
| #ifdef HAVE_STRINGS_H
| # include <strings.h>
| #endif
| #ifdef HAVE_INTTYPES_H
| # include <inttypes.h>
| #endif
| #ifdef HAVE_STDINT_H
| # include <stdint.h>
| #endif
| #ifdef HAVE_UNISTD_H
| # include <unistd.h>
| #endif
| int
| main ()
| {
| struct stat sbuf;
|      /* Linux will dereference the symlink and fail, as required by POSIX.
| 	That is better in the sense that it means we will not
| 	have to compile and use the lstat wrapper.  */
|      return lstat ("conftest.sym/", &sbuf) == 0;
|   ;
|   return 0;
| }
configure:17499: result: no
configure:17518: checking whether stat accepts an empty string
configure:17538: g++ -o conftest -O2 -DNDEBUG   -I/opt/local/include  -L/opt/local/lib conftest.cpp  >&5
configure:17538: $? = 0
configure:17538: ./conftest
configure:17538: $? = 0
configure:17548: result: no
configure:17567: checking for floor
configure:17567: g++ -o conftest -O2 -DNDEBUG   -I/opt/local/include  -L/opt/local/lib conftest.cpp  >&5
configure:17567: $? = 0
configure:17567: result: yes
configure:17567: checking for getcwd
configure:17567: g++ -o conftest -O2 -DNDEBUG   -I/opt/local/include  -L/opt/local/lib conftest.cpp  >&5
configure:17567: $? = 0
configure:17567: result: yes
configure:17567: checking for gettimeofday
configure:17567: g++ -o conftest -O2 -DNDEBUG   -I/opt/local/include  -L/opt/local/lib conftest.cpp  >&5
configure:17567: $? = 0
configure:17567: result: yes
configure:17567: checking for memset
configure:17567: g++ -o conftest -O2 -DNDEBUG   -I/opt/local/include  -L/opt/local/lib conftest.cpp  >&5
configure:17567: $? = 0
configure:17567: result: yes
configure:17567: checking for pow
configure:17567: g++ -o conftest -O2 -DNDEBUG   -I/opt/local/include  -L/opt/local/lib conftest.cpp  >&5
configure:17567: $? = 0
configure:17567: result: yes
configure:17567: checking for select
configure:17567: g++ -o conftest -O2 -DNDEBUG   -I/opt/local/include  -L/opt/local/lib conftest.cpp  >&5
configure:17567: $? = 0
configure:17567: result: yes
configure:17567: checking for socket
configure:17567: g++ -o conftest -O2 -DNDEBUG   -I/opt/local/include  -L/opt/local/lib conftest.cpp  >&5
configure:17567: $? = 0
configure:17567: result: yes
configure:17567: checking for sqrt
configure:17567: g++ -o conftest -O2 -DNDEBUG   -I/opt/local/include  -L/opt/local/lib conftest.cpp  >&5
configure:17567: $? = 0
configure:17567: result: yes
configure:17689: checking that generated files are newer than configure
configure:17695: result: done
configure:17742: creating ./config.status

## ---------------------- ##
## Running config.status. ##
## ---------------------- ##

This file was extended by sumo config.status 0.26.0, which was
generated by GNU Autoconf 2.69.  Invocation command line was

  CONFIG_FILES    = 
  CONFIG_HEADERS  = 
  CONFIG_LINKS    = 
  CONFIG_COMMANDS = 
  $ ./config.status 

on phi.local

config.status:1296: creating src/Makefile
config.status:1296: creating src/activitygen/Makefile
config.status:1296: creating src/activitygen/activities/Makefile
config.status:1296: creating src/activitygen/city/Makefile
config.status:1296: creating src/foreign/Makefile
config.status:1296: creating src/foreign/eulerspiral/Makefile
config.status:1296: creating src/foreign/gl2ps/Makefile
config.status:1296: creating src/foreign/mersenne/Makefile
config.status:1296: creating src/foreign/nvwa/Makefile
config.status:1296: creating src/foreign/PHEMlight/Makefile
config.status:1296: creating src/foreign/PHEMlight/cpp/Makefile
config.status:1296: creating src/foreign/polyfonts/Makefile
config.status:1296: creating src/foreign/rtree/Makefile
config.status:1296: creating src/foreign/tcpip/Makefile
config.status:1296: creating src/gui/Makefile
config.status:1296: creating src/gui/dialogs/Makefile
config.status:1296: creating src/guinetload/Makefile
config.status:1296: creating src/guisim/Makefile
config.status:1296: creating src/microsim/Makefile
config.status:1296: creating src/microsim/actions/Makefile
config.status:1296: creating src/microsim/cfmodels/Makefile
config.status:1296: creating src/microsim/devices/Makefile
config.status:1296: creating src/microsim/lcmodels/Makefile
config.status:1296: creating src/microsim/logging/Makefile
config.status:1296: creating src/microsim/output/Makefile
config.status:1296: creating src/microsim/pedestrians/Makefile
config.status:1296: creating src/microsim/traffic_lights/Makefile
config.status:1296: creating src/microsim/trigger/Makefile
config.status:1296: creating src/marouter/Makefile
config.status:1296: creating src/netbuild/Makefile
config.status:1296: creating src/netedit/Makefile
config.status:1296: creating src/mesogui/Makefile
config.status:1296: creating src/mesosim/Makefile
config.status:1296: creating src/osgview/Makefile
config.status:1296: creating src/netgen/Makefile
config.status:1296: creating src/netimport/Makefile
config.status:1296: creating src/netimport/vissim/Makefile
config.status:1296: creating src/netimport/vissim/tempstructs/Makefile
config.status:1296: creating src/netimport/vissim/typeloader/Makefile
config.status:1296: creating src/netload/Makefile
config.status:1296: creating src/netwrite/Makefile
config.status:1296: creating src/od/Makefile
config.status:1296: creating src/polyconvert/Makefile
config.status:1296: creating src/router/Makefile
config.status:1296: creating src/dfrouter/Makefile
config.status:1296: creating src/duarouter/Makefile
config.status:1296: creating src/jtrrouter/Makefile
config.status:1296: creating src/tools/Makefile
config.status:1296: creating src/traci_testclient/Makefile
config.status:1296: creating src/traci-server/Makefile
config.status:1296: creating src/utils/Makefile
config.status:1296: creating src/utils/common/Makefile
config.status:1296: creating src/utils/distribution/Makefile
config.status:1296: creating src/utils/emissions/Makefile
config.status:1296: creating src/utils/foxtools/Makefile
config.status:1296: creating src/utils/geom/Makefile
config.status:1296: creating src/utils/gui/Makefile
config.status:1296: creating src/utils/gui/div/Makefile
config.status:1296: creating src/utils/gui/events/Makefile
config.status:1296: creating src/utils/gui/globjects/Makefile
config.status:1296: creating src/utils/gui/images/Makefile
config.status:1296: creating src/utils/gui/settings/Makefile
config.status:1296: creating src/utils/gui/tracker/Makefile
config.status:1296: creating src/utils/gui/windows/Makefile
config.status:1296: creating src/utils/importio/Makefile
config.status:1296: creating src/utils/iodevices/Makefile
config.status:1296: creating src/utils/options/Makefile
config.status:1296: creating src/utils/shapes/Makefile
config.status:1296: creating src/utils/traci/Makefile
config.status:1296: creating src/utils/vehicle/Makefile
config.status:1296: creating src/utils/xml/Makefile
config.status:1296: creating unittest/Makefile
config.status:1296: creating unittest/src/Makefile
config.status:1296: creating unittest/src/microsim/Makefile
config.status:1296: creating unittest/src/netbuild/Makefile
config.status:1296: creating unittest/src/utils/Makefile
config.status:1296: creating unittest/src/utils/common/Makefile
config.status:1296: creating unittest/src/utils/foxtools/Makefile
config.status:1296: creating unittest/src/utils/geom/Makefile
config.status:1296: creating unittest/src/utils/iodevices/Makefile
config.status:1296: creating bin/Makefile
config.status:1296: creating Makefile
config.status:1296: creating src/config.h
config.status:1477: src/config.h is unchanged
config.status:1525: executing depfiles commands
config.status:1525: executing libtool commands
configure:20314: result: 
configure:20316: result: Optional features summary
configure:20318: result: -------------------------
configure:20320: result: Enabled: InternalLanes DoublePrecision TRACI PROJ GDAL GUI ffmpeg
configure:20322: result: Disabled: Debug Profiling MemoryChecks UnitTests Python OSG

## ---------------- ##
## Cache variables. ##
## ---------------- ##

ac_cv_build=x86_64-apple-darwin15.5.0
ac_cv_c_compiler_gnu=yes
ac_cv_c_const=yes
ac_cv_c_inline=inline
ac_cv_c_volatile=yes
ac_cv_cxx_compiler_gnu=yes
ac_cv_env_CCC_set=
ac_cv_env_CCC_value=
ac_cv_env_CC_set=
ac_cv_env_CC_value=
ac_cv_env_CFLAGS_set=
ac_cv_env_CFLAGS_value=
ac_cv_env_CPPFLAGS_set=
ac_cv_env_CPPFLAGS_value=
ac_cv_env_CPP_set=
ac_cv_env_CPP_value=
ac_cv_env_CXXCPP_set=
ac_cv_env_CXXCPP_value=
ac_cv_env_CXXFLAGS_set=
ac_cv_env_CXXFLAGS_value=
ac_cv_env_CXX_set=
ac_cv_env_CXX_value=
ac_cv_env_LDFLAGS_set=
ac_cv_env_LDFLAGS_value=
ac_cv_env_LIBS_set=
ac_cv_env_LIBS_value=
ac_cv_env_PKG_CONFIG_LIBDIR_set=
ac_cv_env_PKG_CONFIG_LIBDIR_value=
ac_cv_env_PKG_CONFIG_PATH_set=
ac_cv_env_PKG_CONFIG_PATH_value=
ac_cv_env_PKG_CONFIG_set=
ac_cv_env_PKG_CONFIG_value=
ac_cv_env_XERCES_CFLAGS_set=
ac_cv_env_XERCES_CFLAGS_value=
ac_cv_env_XERCES_LIBS_set=
ac_cv_env_XERCES_LIBS_value=
ac_cv_env_build_alias_set=
ac_cv_env_build_alias_value=
ac_cv_env_host_alias_set=
ac_cv_env_host_alias_value=
ac_cv_env_target_alias_set=
ac_cv_env_target_alias_value=
ac_cv_func_alloca_works=yes
ac_cv_func_floor=yes
ac_cv_func_getcwd=yes
ac_cv_func_gettimeofday=yes
ac_cv_func_lstat_dereferences_slashed_symlink=no
ac_cv_func_memset=yes
ac_cv_func_pow=yes
ac_cv_func_select=yes
ac_cv_func_select_args='int,fd_set *,struct timeval *'
ac_cv_func_socket=yes
ac_cv_func_sqrt=yes
ac_cv_func_stat_empty_string_bug=no
ac_cv_header_dlfcn_h=yes
ac_cv_header_float_h=yes
ac_cv_header_fxver_h=yes
ac_cv_header_inttypes_h=yes
ac_cv_header_libavformat_version_h=yes
ac_cv_header_limits_h=yes
ac_cv_header_malloc_h=no
ac_cv_header_math_h=yes
ac_cv_header_memory_h=yes
ac_cv_header_ogr_api_h=yes
ac_cv_header_proj_api_h=yes
ac_cv_header_stdbool_h=yes
ac_cv_header_stdc=no
ac_cv_header_stddef_h=yes
ac_cv_header_stdint_h=yes
ac_cv_header_stdlib_h=yes
ac_cv_header_string_h=yes
ac_cv_header_strings_h=yes
ac_cv_header_sys_select_h=yes
ac_cv_header_sys_socket_h=yes
ac_cv_header_sys_stat_h=yes
ac_cv_header_sys_time_h=yes
ac_cv_header_sys_types_h=yes
ac_cv_header_time=yes
ac_cv_header_unistd_h=yes
ac_cv_header_wchar_h=yes
ac_cv_header_xercesc_util_XercesVersion_hpp=yes
ac_cv_host=x86_64-apple-darwin15.5.0
ac_cv_lib_error_at_line=no
ac_cv_lib_proj_main=yes
ac_cv_lib_xerces_c___main=yes
ac_cv_objext=o
ac_cv_path_EGREP='/usr/bin/grep -E'
ac_cv_path_FGREP='/usr/bin/grep -F'
ac_cv_path_FOX_CONFIG=/opt/local/bin/fox-config
ac_cv_path_GDAL_CONFIG=/opt/local/bin/gdal-config
ac_cv_path_GREP=/usr/bin/grep
ac_cv_path_SED=/usr/bin/sed
ac_cv_path_ac_pt_PKG_CONFIG=/opt/local/bin/pkg-config
ac_cv_path_install='/opt/local/bin/ginstall -c'
ac_cv_path_mkdir=/opt/local/bin/gmkdir
ac_cv_prog_AWK=gawk
ac_cv_prog_CPP='gcc -E'
ac_cv_prog_CXXCPP='g++ -E'
ac_cv_prog_ac_ct_AR=ar
ac_cv_prog_ac_ct_CC=gcc
ac_cv_prog_ac_ct_CXX=g++
ac_cv_prog_ac_ct_DSYMUTIL=dsymutil
ac_cv_prog_ac_ct_LIPO=lipo
ac_cv_prog_ac_ct_NMEDIT=nmedit
ac_cv_prog_ac_ct_OTOOL=otool
ac_cv_prog_ac_ct_RANLIB=ranlib
ac_cv_prog_ac_ct_STRIP=strip
ac_cv_prog_cc_c89=
ac_cv_prog_cc_g=yes
ac_cv_prog_cxx_g=yes
ac_cv_prog_make_make_set=yes
ac_cv_struct_tm=time.h
ac_cv_target=x86_64-apple-darwin15.5.0
ac_cv_type__Bool=no
ac_cv_type_signal=void
ac_cv_type_size_t=yes
ac_cv_working_alloca_h=yes
am_cv_CC_dependencies_compiler_type=gcc3
am_cv_CXX_dependencies_compiler_type=gcc3
am_cv_make_support_nested_variables=yes
am_cv_prog_tar_ustar=gnutar
lt_cv_apple_cc_single_mod=yes
lt_cv_ar_at_file=no
lt_cv_deplibs_check_method=pass_all
lt_cv_file_magic_cmd='$MAGIC_CMD'
lt_cv_file_magic_test_file=
lt_cv_ld_exported_symbols_list=yes
lt_cv_ld_force_load=yes
lt_cv_ld_reload_flag=-r
lt_cv_nm_interface='BSD nm'
lt_cv_objdir=.libs
lt_cv_path_LD=/Applications/Xcode.app/Contents/Developer/Toolchains/XcodeDefault.xctoolchain/usr/bin/ld
lt_cv_path_LDCXX=/Applications/Xcode.app/Contents/Developer/Toolchains/XcodeDefault.xctoolchain/usr/bin/ld
lt_cv_path_NM='/usr/bin/nm -B'
lt_cv_path_mainfest_tool=no
lt_cv_prog_compiler_c_o=yes
lt_cv_prog_compiler_c_o_CXX=yes
lt_cv_prog_compiler_pic='-fno-common -DPIC'
lt_cv_prog_compiler_pic_CXX='-fno-common -DPIC'
lt_cv_prog_compiler_pic_works=yes
lt_cv_prog_compiler_pic_works_CXX=yes
lt_cv_prog_compiler_rtti_exceptions=yes
lt_cv_prog_compiler_static_works=no
lt_cv_prog_compiler_static_works_CXX=no
lt_cv_prog_gnu_ld=no
lt_cv_prog_gnu_ldcxx=no
lt_cv_sharedlib_from_linklib_cmd='printf %s\n'
lt_cv_sys_global_symbol_pipe='sed -n -e '\''s/^.*[	 ]\([BCDEGRST][BCDEGRST]*\)[	 ][	 ]*_\([_A-Za-z][_A-Za-z0-9]*\)$/\1 _\2 \2/p'\'' | sed '\''/ __gnu_lto/d'\'''
lt_cv_sys_global_symbol_to_c_name_address='sed -n -e '\''s/^: \([^ ]*\)[ ]*$/  {\"\1\", (void *) 0},/p'\'' -e '\''s/^[BCDEGRST]* \([^ ]*\) \([^ ]*\)$/  {"\2", (void *) \&\2},/p'\'''
lt_cv_sys_global_symbol_to_c_name_address_lib_prefix='sed -n -e '\''s/^: \([^ ]*\)[ ]*$/  {\"\1\", (void *) 0},/p'\'' -e '\''s/^[BCDEGRST]* \([^ ]*\) \(lib[^ ]*\)$/  {"\2", (void *) \&\2},/p'\'' -e '\''s/^[BCDEGRST]* \([^ ]*\) \([^ ]*\)$/  {"lib\2", (void *) \&\2},/p'\'''
lt_cv_sys_global_symbol_to_cdecl='sed -n -e '\''s/^T .* \(.*\)$/extern int \1();/p'\'' -e '\''s/^[BCDEGRST]* .* \(.*\)$/extern char \1;/p'\'''
lt_cv_sys_max_cmd_len=196608
lt_cv_to_host_file_cmd=func_convert_file_noop
lt_cv_to_tool_file_cmd=func_convert_file_noop
pkg_cv_XERCES_CFLAGS=-I/opt/local/include
pkg_cv_XERCES_LIBS='-L/opt/local/lib -lxerces-c'

## ----------------- ##
## Output variables. ##
## ----------------- ##

ACLOCAL='${SHELL} /Users/kbleeck/Documents/sumo_custom/sumo-0.26.0/missing aclocal-1.13'
ALLOCA=''
AMDEPBACKSLASH='\'
AMDEP_FALSE='#'
AMDEP_TRUE=''
AMTAR='$${TAR-tar}'
AM_BACKSLASH='\'
AM_CPPFLAGS='-I/Users/kbleeck/Documents/sumo_custom/sumo-0.26.0/./src  -I/opt/local/include -I/usr/include/ffmpeg -I/usr/local/include -I/opt/local/include/fox-1.6 -I/opt/local/include  -I/opt/local/include -I/usr/local/include -I/usr/include '
AM_CXXFLAGS=''
AM_DEFAULT_V='$(AM_DEFAULT_VERBOSITY)'
AM_DEFAULT_VERBOSITY='1'
AM_V='$(V)'
AR='ar'
AUTOCONF='${SHELL} /Users/kbleeck/Documents/sumo_custom/sumo-0.26.0/missing autoconf'
AUTOHEADER='${SHELL} /Users/kbleeck/Documents/sumo_custom/sumo-0.26.0/missing autoheader'
AUTOMAKE='${SHELL} /Users/kbleeck/Documents/sumo_custom/sumo-0.26.0/missing automake-1.13'
AWK='gawk'
CC='gcc'
CCDEPMODE='depmode=gcc3'
CFLAGS='-g -O2'
CHECK_MEMORY_LEAKS_FALSE=''
CHECK_MEMORY_LEAKS_TRUE='#'
CPP='gcc -E'
CPPFLAGS=' -I/opt/local/include'
CXX='g++'
CXXCPP='g++ -E'
CXXDEPMODE='depmode=gcc3'
CXXFLAGS='-O2 -DNDEBUG '
CYGPATH_W='echo'
DEFS='-DHAVE_CONFIG_H'
DEPDIR='.deps'
DLLTOOL='false'
DSYMUTIL='dsymutil'
DUMPBIN=''
ECHO_C='\c'
ECHO_N=''
ECHO_T=''
EGREP='/usr/bin/grep -E'
EXEEXT=''
FFMPEG_LIBS='-lavformat -lavcodec -lavutil -lswscale'
FGREP='/usr/bin/grep -F'
FOX_CONFIG='/opt/local/bin/fox-config'
FOX_LDFLAGS='-L/opt/local/lib -lFOX-1.6 -lX11 -lXext -lfreetype -lXft -lXcursor -lXrender -lXrandr -lXfixes -lXi -lGL -lGLU -ldl -lpthread -ljpeg -lpng -ltiff -lz -lbz2 -lGLU -lGL'
GDAL_CONFIG='/opt/local/bin/gdal-config'
GDAL_LDFLAGS='-L/opt/local/lib -lgdal'
GREP='/usr/bin/grep'
GTEST_CONFIG=''
GTEST_LDFLAGS=''
INSTALL_DATA='${INSTALL} -m 644'
INSTALL_PROGRAM='${INSTALL}'
INSTALL_SCRIPT='${INSTALL}'
INSTALL_STRIP_PROGRAM='$(install_sh) -c -s'
LD='/Applications/Xcode.app/Contents/Developer/Toolchains/XcodeDefault.xctoolchain/usr/bin/ld'
LDFLAGS=' -L/opt/local/lib'
LIBOBJS=' ${LIBOBJDIR}error$U.o ${LIBOBJDIR}lstat$U.o'
LIBS=''
LIBTOOL='$(SHELL) $(top_builddir)/libtool'
LIB_XERCES='xerces-c'
LIPO='lipo'
LN_S='ln -s'
LTLIBOBJS=' ${LIBOBJDIR}error$U.lo ${LIBOBJDIR}lstat$U.lo'
MAKEINFO='${SHELL} /Users/kbleeck/Documents/sumo_custom/sumo-0.26.0/missing makeinfo'
MANIFEST_TOOL=':'
MKDIR_P='/opt/local/bin/gmkdir -p'
NM='/usr/bin/nm -B'
NMEDIT='nmedit'
OBJDUMP='false'
OBJEXT='o'
OSG_LIBS=''
OTOOL64=':'
OTOOL='otool'
PACKAGE='sumo'
PACKAGE_BUGREPORT=''
PACKAGE_NAME='sumo'
PACKAGE_STRING='sumo 0.26.0'
PACKAGE_TARNAME='sumo'
PACKAGE_URL=''
PACKAGE_VERSION='0.26.0'
PATH_SEPARATOR=':'
PKG_CONFIG='/opt/local/bin/pkg-config'
PKG_CONFIG_LIBDIR=''
PKG_CONFIG_PATH=''
PROJ_LDFLAGS='-lproj'
PYTHON_LIBS=''
RANLIB='ranlib'
SED='/usr/bin/sed'
SET_MAKE=''
SHELL='/bin/sh'
STRIP='strip'
TRACI_FALSE='#'
TRACI_TRUE=''
VERSION='0.26.0'
WITH_GTEST_FALSE=''
WITH_GTEST_TRUE='#'
WITH_GUI_FALSE='#'
WITH_GUI_TRUE=''
WITH_VERSION_H_FALSE=''
WITH_VERSION_H_TRUE='#'
XERCES_CFLAGS='-I/opt/local/include'
XERCES_LDFLAGS=''
XERCES_LIBS='-L/opt/local/lib -lxerces-c'
ac_ct_AR='ar'
ac_ct_CC='gcc'
ac_ct_CXX='g++'
ac_ct_DUMPBIN=''
am__EXEEXT_FALSE=''
am__EXEEXT_TRUE='#'
am__fastdepCC_FALSE='#'
am__fastdepCC_TRUE=''
am__fastdepCXX_FALSE='#'
am__fastdepCXX_TRUE=''
am__include='include'
am__isrc=''
am__leading_dot='.'
am__nodep='_no'
am__quote=''
am__tar='tar --format=ustar -chf - "$$tardir"'
am__untar='tar -xf -'
bindir='${exec_prefix}/bin'
build='x86_64-apple-darwin15.5.0'
build_alias=''
build_cpu='x86_64'
build_os='darwin15.5.0'
build_vendor='apple'
datadir='${datarootdir}'
datarootdir='${prefix}/share'
docdir='${datarootdir}/doc/${PACKAGE_TARNAME}'
dvidir='${docdir}'
exec_prefix='${prefix}'
host='x86_64-apple-darwin15.5.0'
host_alias=''
host_cpu='x86_64'
host_os='darwin15.5.0'
host_vendor='apple'
htmldir='${docdir}'
includedir='${prefix}/include'
infodir='${datarootdir}/info'
install_sh='${SHELL} /Users/kbleeck/Documents/sumo_custom/sumo-0.26.0/install-sh'
libdir='${exec_prefix}/lib'
libexecdir='${exec_prefix}/libexec'
localedir='${datarootdir}/locale'
localstatedir='${prefix}/var'
mandir='${datarootdir}/man'
mkdir_p='$(MKDIR_P)'
oldincludedir='/usr/include'
pdfdir='${docdir}'
prefix='/usr/local'
program_transform_name='s,x,x,'
psdir='${docdir}'
sbindir='${exec_prefix}/sbin'
sharedstatedir='${prefix}/com'
sysconfdir='${prefix}/etc'
target='x86_64-apple-darwin15.5.0'
target_alias=''
target_cpu='x86_64'
target_os='darwin15.5.0'
target_vendor='apple'

## ----------- ##
## confdefs.h. ##
## ----------- ##

/* confdefs.h */
#define PACKAGE_NAME "sumo"
#define PACKAGE_TARNAME "sumo"
#define PACKAGE_VERSION "0.26.0"
#define PACKAGE_STRING "sumo 0.26.0"
#define PACKAGE_BUGREPORT ""
#define PACKAGE_URL ""
#define PACKAGE "sumo"
#define VERSION "0.26.0"
#define HAVE_SYS_TYPES_H 1
#define HAVE_SYS_STAT_H 1
#define HAVE_STDLIB_H 1
#define HAVE_STRING_H 1
#define HAVE_MEMORY_H 1
#define HAVE_STRINGS_H 1
#define HAVE_INTTYPES_H 1
#define HAVE_STDINT_H 1
#define HAVE_UNISTD_H 1
#define HAVE_DLFCN_H 1
#define LT_OBJDIR ".libs/"
#define HAVE_INTERNAL_LANES 1
#define SUMOReal double
#define POSITION_EPS (SUMOReal)0.1
#define NUMERICAL_EPS (SUMOReal)0.001
#define OUTPUT_ACCURACY 2
#define GEO_OUTPUT_ACCURACY 6
#define VERSION_STRING "0.26.0"
#define XERCES3_SIZE_t XMLSize_t
#define HAVE_PROJ 1
#define HAVE_GDAL 1
#define HAVE_FOX 1
#define HAVE_FFMPEG 1
#define HAVE_ENABLED "x86_64-apple-darwin15.5.0 InternalLanes DoublePrecision TRACI PROJ GDAL GUI ffmpeg"
#define HAVE_ALLOCA_H 1
#define HAVE_ALLOCA 1
#define HAVE_FLOAT_H 1
#define HAVE_LIMITS_H 1
#define HAVE_MATH_H 1
#define HAVE_STDDEF_H 1
#define HAVE_STDLIB_H 1
#define HAVE_STRING_H 1
#define HAVE_SYS_TIME_H 1
#define HAVE_UNISTD_H 1
#define HAVE_WCHAR_H 1
#define HAVE_STDBOOL_H 1
#define TIME_WITH_SYS_TIME 1
#define HAVE_SYS_SELECT_H 1
#define HAVE_SYS_SOCKET_H 1
#define SELECT_TYPE_ARG1 int
#define SELECT_TYPE_ARG234 (fd_set *)
#define SELECT_TYPE_ARG5 (struct timeval *)
#define RETSIGTYPE void
#define HAVE_FLOOR 1
#define HAVE_GETCWD 1
#define HAVE_GETTIMEOFDAY 1
#define HAVE_MEMSET 1
#define HAVE_POW 1
#define HAVE_SELECT 1
#define HAVE_SOCKET 1
#define HAVE_SQRT 1

configure: exit 0
